========================================= 
[Sat 02/28/2026 12:37:04.37] BAT DAU LUONG FAST (QUET BE MAT) 
[Sat 02/28/2026 12:37:04.37] [1/3] Dang cao du lieu be mat... 
[Browser] Đang khởi tạo trình duyệt...
[Browser] Phát hiện Chrome (Windows): Version 139

[Spider] Đang cào trang 1/100: https://batdongsan.com.vn/nha-dat-ban-ha-dong
[Spider] ✅ Thành công: Tìm thấy 31 tin đăng ở trang 1.

[Spider] Đang cào trang 2/100: https://batdongsan.com.vn/nha-dat-ban-ha-dong/p2
[Spider] ✅ Thành công: Tìm thấy 31 tin đăng ở trang 2.

[Spider] Đang cào trang 3/100: https://batdongsan.com.vn/nha-dat-ban-ha-dong/p3
[Spider] ✅ Thành công: Tìm thấy 31 tin đăng ở trang 3.

[Spider] Đang cào trang 4/100: https://batdongsan.com.vn/nha-dat-ban-ha-dong/p4
[Spider] ✅ Thành công: Tìm thấy 31 tin đăng ở trang 4.

[Spider] Đang cào trang 5/100: https://batdongsan.com.vn/nha-dat-ban-ha-dong/p5
[Spider] ✅ Thành công: Tìm thấy 30 tin đăng ở trang 5.

[Spider] Đang cào trang 6/100: https://batdongsan.com.vn/nha-dat-ban-ha-dong/p6
[Spider] ✅ Thành công: Tìm thấy 30 tin đăng ở trang 6.

[Spider] Đang cào trang 7/100: https://batdongsan.com.vn/nha-dat-ban-ha-dong/p7
[Spider] ✅ Thành công: Tìm thấy 30 tin đăng ở trang 7.

[Spider] Đang cào trang 8/100: https://batdongsan.com.vn/nha-dat-ban-ha-dong/p8
[Spider] ✅ Thành công: Tìm thấy 30 tin đăng ở trang 8.

[Spider] Đang cào trang 9/100: https://batdongsan.com.vn/nha-dat-ban-ha-dong/p9
[Spider] ✅ Thành công: Tìm thấy 30 tin đăng ở trang 9.

[Spider] Đang cào trang 10/100: https://batdongsan.com.vn/nha-dat-ban-ha-dong/p10
[Spider] ✅ Thành công: Tìm thấy 30 tin đăng ở trang 10.

[Spider] Đang cào trang 11/100: https://batdongsan.com.vn/nha-dat-ban-ha-dong/p11
[Spider] ✅ Thành công: Tìm thấy 30 tin đăng ở trang 11.

[Spider] Đang cào trang 12/100: https://batdongsan.com.vn/nha-dat-ban-ha-dong/p12
[Spider] ✅ Thành công: Tìm thấy 31 tin đăng ở trang 12.

[Spider] Đang cào trang 13/100: https://batdongsan.com.vn/nha-dat-ban-ha-dong/p13
[Spider] ✅ Thành công: Tìm thấy 31 tin đăng ở trang 13.

[Spider] Đang cào trang 14/100: https://batdongsan.com.vn/nha-dat-ban-ha-dong/p14
[Spider] ✅ Thành công: Tìm thấy 31 tin đăng ở trang 14.

[Spider] Đang cào trang 15/100: https://batdongsan.com.vn/nha-dat-ban-ha-dong/p15
[Spider] ✅ Thành công: Tìm thấy 31 tin đăng ở trang 15.

[Spider] Đang cào trang 16/100: https://batdongsan.com.vn/nha-dat-ban-ha-dong/p16
[Spider] ✅ Thành công: Tìm thấy 31 tin đăng ở trang 16.

[Spider] Đang cào trang 17/100: https://batdongsan.com.vn/nha-dat-ban-ha-dong/p17
[Spider] ✅ Thành công: Tìm thấy 31 tin đăng ở trang 17.

[Spider] Đang cào trang 18/100: https://batdongsan.com.vn/nha-dat-ban-ha-dong/p18
[Spider] ✅ Thành công: Tìm thấy 31 tin đăng ở trang 18.

[Spider] Đang cào trang 19/100: https://batdongsan.com.vn/nha-dat-ban-ha-dong/p19
[Spider] ✅ Thành công: Tìm thấy 31 tin đăng ở trang 19.

[Spider] Đang cào trang 20/100: https://batdongsan.com.vn/nha-dat-ban-ha-dong/p20
[Spider] ✅ Thành công: Tìm thấy 31 tin đăng ở trang 20.

[Spider] Đang cào trang 21/100: https://batdongsan.com.vn/nha-dat-ban-ha-dong/p21
[Spider] ✅ Thành công: Tìm thấy 31 tin đăng ở trang 21.

[Spider] Đang cào trang 22/100: https://batdongsan.com.vn/nha-dat-ban-ha-dong/p22
[Spider] ✅ Thành công: Tìm thấy 31 tin đăng ở trang 22.

[Spider] Đang cào trang 23/100: https://batdongsan.com.vn/nha-dat-ban-ha-dong/p23
[Spider] ✅ Thành công: Tìm thấy 31 tin đăng ở trang 23.

[Spider] Đang cào trang 24/100: https://batdongsan.com.vn/nha-dat-ban-ha-dong/p24
[Spider] ✅ Thành công: Tìm thấy 31 tin đăng ở trang 24.

[Spider] Đang cào trang 25/100: https://batdongsan.com.vn/nha-dat-ban-ha-dong/p25
[Spider] ✅ Thành công: Tìm thấy 31 tin đăng ở trang 25.

[Spider] Đang cào trang 26/100: https://batdongsan.com.vn/nha-dat-ban-ha-dong/p26
[Spider] ✅ Thành công: Tìm thấy 31 tin đăng ở trang 26.

[Spider] Đang cào trang 27/100: https://batdongsan.com.vn/nha-dat-ban-ha-dong/p27
[Spider] ✅ Thành công: Tìm thấy 31 tin đăng ở trang 27.

[Spider] Đang cào trang 28/100: https://batdongsan.com.vn/nha-dat-ban-ha-dong/p28
[Spider] ✅ Thành công: Tìm thấy 31 tin đăng ở trang 28.

[Spider] Đang cào trang 29/100: https://batdongsan.com.vn/nha-dat-ban-ha-dong/p29
[Spider] ✅ Thành công: Tìm thấy 31 tin đăng ở trang 29.

[Spider] Đang cào trang 30/100: https://batdongsan.com.vn/nha-dat-ban-ha-dong/p30
[Spider] ✅ Thành công: Tìm thấy 31 tin đăng ở trang 30.

[Spider] Đang cào trang 31/100: https://batdongsan.com.vn/nha-dat-ban-ha-dong/p31
[Spider] ✅ Thành công: Tìm thấy 31 tin đăng ở trang 31.

[Spider] Đang cào trang 32/100: https://batdongsan.com.vn/nha-dat-ban-ha-dong/p32
[Spider] ✅ Thành công: Tìm thấy 31 tin đăng ở trang 32.

[Spider] Đang cào trang 33/100: https://batdongsan.com.vn/nha-dat-ban-ha-dong/p33
[Spider] ✅ Thành công: Tìm thấy 31 tin đăng ở trang 33.

[Spider] Đang cào trang 34/100: https://batdongsan.com.vn/nha-dat-ban-ha-dong/p34
[Spider] ✅ Thành công: Tìm thấy 31 tin đăng ở trang 34.

[Spider] Đang cào trang 35/100: https://batdongsan.com.vn/nha-dat-ban-ha-dong/p35
[Spider] ✅ Thành công: Tìm thấy 31 tin đăng ở trang 35.

[Spider] Đang cào trang 36/100: https://batdongsan.com.vn/nha-dat-ban-ha-dong/p36
[Spider] ✅ Thành công: Tìm thấy 30 tin đăng ở trang 36.

[Spider] Đang cào trang 37/100: https://batdongsan.com.vn/nha-dat-ban-ha-dong/p37
[Spider] ✅ Thành công: Tìm thấy 30 tin đăng ở trang 37.

[Spider] Đang cào trang 38/100: https://batdongsan.com.vn/nha-dat-ban-ha-dong/p38
[Spider] ✅ Thành công: Tìm thấy 31 tin đăng ở trang 38.

[Spider] Đang cào trang 39/100: https://batdongsan.com.vn/nha-dat-ban-ha-dong/p39
[Spider] ✅ Thành công: Tìm thấy 31 tin đăng ở trang 39.

[Spider] Đang cào trang 40/100: https://batdongsan.com.vn/nha-dat-ban-ha-dong/p40
[Spider] ✅ Thành công: Tìm thấy 31 tin đăng ở trang 40.

[Spider] Đang cào trang 41/100: https://batdongsan.com.vn/nha-dat-ban-ha-dong/p41
[Spider] ✅ Thành công: Tìm thấy 31 tin đăng ở trang 41.

[Spider] Đang cào trang 42/100: https://batdongsan.com.vn/nha-dat-ban-ha-dong/p42
[Spider] ✅ Thành công: Tìm thấy 31 tin đăng ở trang 42.

[Spider] Đang cào trang 43/100: https://batdongsan.com.vn/nha-dat-ban-ha-dong/p43
[Spider] ✅ Thành công: Tìm thấy 31 tin đăng ở trang 43.

[Spider] Đang cào trang 44/100: https://batdongsan.com.vn/nha-dat-ban-ha-dong/p44
[Spider] ✅ Thành công: Tìm thấy 30 tin đăng ở trang 44.

[Spider] Đang cào trang 45/100: https://batdongsan.com.vn/nha-dat-ban-ha-dong/p45
[Spider] ✅ Thành công: Tìm thấy 30 tin đăng ở trang 45.

[Spider] Đang cào trang 46/100: https://batdongsan.com.vn/nha-dat-ban-ha-dong/p46
[Spider] ✅ Thành công: Tìm thấy 30 tin đăng ở trang 46.

[Spider] Đang cào trang 47/100: https://batdongsan.com.vn/nha-dat-ban-ha-dong/p47
[Spider] ✅ Thành công: Tìm thấy 31 tin đăng ở trang 47.

[Spider] Đang cào trang 48/100: https://batdongsan.com.vn/nha-dat-ban-ha-dong/p48
[Spider] ✅ Thành công: Tìm thấy 31 tin đăng ở trang 48.

[Spider] Đang cào trang 49/100: https://batdongsan.com.vn/nha-dat-ban-ha-dong/p49
[Spider] ✅ Thành công: Tìm thấy 31 tin đăng ở trang 49.

[Spider] Đang cào trang 50/100: https://batdongsan.com.vn/nha-dat-ban-ha-dong/p50
[Spider] ✅ Thành công: Tìm thấy 31 tin đăng ở trang 50.

[Spider] Đang cào trang 51/100: https://batdongsan.com.vn/nha-dat-ban-ha-dong/p51
[Spider] ✅ Thành công: Tìm thấy 31 tin đăng ở trang 51.

[Spider] Đang cào trang 52/100: https://batdongsan.com.vn/nha-dat-ban-ha-dong/p52
[Spider] ✅ Thành công: Tìm thấy 31 tin đăng ở trang 52.

[Spider] Đang cào trang 53/100: https://batdongsan.com.vn/nha-dat-ban-ha-dong/p53
[Spider] ✅ Thành công: Tìm thấy 31 tin đăng ở trang 53.

[Spider] Đang cào trang 54/100: https://batdongsan.com.vn/nha-dat-ban-ha-dong/p54
[Spider] ✅ Thành công: Tìm thấy 31 tin đăng ở trang 54.

[Spider] Đang cào trang 55/100: https://batdongsan.com.vn/nha-dat-ban-ha-dong/p55
[Spider] ✅ Thành công: Tìm thấy 31 tin đăng ở trang 55.

[Spider] Đang cào trang 56/100: https://batdongsan.com.vn/nha-dat-ban-ha-dong/p56
[Spider] ✅ Thành công: Tìm thấy 31 tin đăng ở trang 56.

[Spider] Đang cào trang 57/100: https://batdongsan.com.vn/nha-dat-ban-ha-dong/p57
[Spider] ✅ Thành công: Tìm thấy 31 tin đăng ở trang 57.

[Spider] Đang cào trang 58/100: https://batdongsan.com.vn/nha-dat-ban-ha-dong/p58
[Spider] ✅ Thành công: Tìm thấy 30 tin đăng ở trang 58.

[Spider] Đang cào trang 59/100: https://batdongsan.com.vn/nha-dat-ban-ha-dong/p59
[Spider] ✅ Thành công: Tìm thấy 30 tin đăng ở trang 59.

[Spider] Đang cào trang 60/100: https://batdongsan.com.vn/nha-dat-ban-ha-dong/p60
[Spider] ✅ Thành công: Tìm thấy 30 tin đăng ở trang 60.

[Spider] Đang cào trang 61/100: https://batdongsan.com.vn/nha-dat-ban-ha-dong/p61
[Spider] ✅ Thành công: Tìm thấy 31 tin đăng ở trang 61.

[Spider] Đang cào trang 62/100: https://batdongsan.com.vn/nha-dat-ban-ha-dong/p62
[Spider] ✅ Thành công: Tìm thấy 31 tin đăng ở trang 62.

[Spider] Đang cào trang 63/100: https://batdongsan.com.vn/nha-dat-ban-ha-dong/p63
[Spider] ✅ Thành công: Tìm thấy 31 tin đăng ở trang 63.

[Spider] Đang cào trang 64/100: https://batdongsan.com.vn/nha-dat-ban-ha-dong/p64
[Spider] ✅ Thành công: Tìm thấy 31 tin đăng ở trang 64.

[Spider] Đang cào trang 65/100: https://batdongsan.com.vn/nha-dat-ban-ha-dong/p65
[Spider] ✅ Thành công: Tìm thấy 31 tin đăng ở trang 65.

[Spider] Đang cào trang 66/100: https://batdongsan.com.vn/nha-dat-ban-ha-dong/p66
[Spider] ✅ Thành công: Tìm thấy 31 tin đăng ở trang 66.

[Spider] Đang cào trang 67/100: https://batdongsan.com.vn/nha-dat-ban-ha-dong/p67
[Spider] ✅ Thành công: Tìm thấy 31 tin đăng ở trang 67.

[Spider] Đang cào trang 68/100: https://batdongsan.com.vn/nha-dat-ban-ha-dong/p68
[Spider] ✅ Thành công: Tìm thấy 31 tin đăng ở trang 68.

[Spider] Đang cào trang 69/100: https://batdongsan.com.vn/nha-dat-ban-ha-dong/p69
[Spider] ✅ Thành công: Tìm thấy 31 tin đăng ở trang 69.

[Spider] Đang cào trang 70/100: https://batdongsan.com.vn/nha-dat-ban-ha-dong/p70
[Spider] ✅ Thành công: Tìm thấy 31 tin đăng ở trang 70.

[Spider] Đang cào trang 71/100: https://batdongsan.com.vn/nha-dat-ban-ha-dong/p71
[Spider] ✅ Thành công: Tìm thấy 31 tin đăng ở trang 71.

[Spider] Đang cào trang 72/100: https://batdongsan.com.vn/nha-dat-ban-ha-dong/p72
[Spider] ✅ Thành công: Tìm thấy 31 tin đăng ở trang 72.

[Spider] Đang cào trang 73/100: https://batdongsan.com.vn/nha-dat-ban-ha-dong/p73
[Spider] ✅ Thành công: Tìm thấy 30 tin đăng ở trang 73.

[Spider] Đang cào trang 74/100: https://batdongsan.com.vn/nha-dat-ban-ha-dong/p74
[Spider] ✅ Thành công: Tìm thấy 30 tin đăng ở trang 74.

[Spider] Đang cào trang 75/100: https://batdongsan.com.vn/nha-dat-ban-ha-dong/p75
[Spider] ✅ Thành công: Tìm thấy 30 tin đăng ở trang 75.

[Spider] Đang cào trang 76/100: https://batdongsan.com.vn/nha-dat-ban-ha-dong/p76
[Spider] ✅ Thành công: Tìm thấy 31 tin đăng ở trang 76.

[Spider] Đang cào trang 77/100: https://batdongsan.com.vn/nha-dat-ban-ha-dong/p77
[Spider] ✅ Thành công: Tìm thấy 31 tin đăng ở trang 77.

[Spider] Đang cào trang 78/100: https://batdongsan.com.vn/nha-dat-ban-ha-dong/p78
[Spider] ✅ Thành công: Tìm thấy 31 tin đăng ở trang 78.

[Spider] Đang cào trang 79/100: https://batdongsan.com.vn/nha-dat-ban-ha-dong/p79
[Spider] ✅ Thành công: Tìm thấy 31 tin đăng ở trang 79.

[Spider] Đang cào trang 80/100: https://batdongsan.com.vn/nha-dat-ban-ha-dong/p80
[Spider] ✅ Thành công: Tìm thấy 31 tin đăng ở trang 80.

[Spider] Đang cào trang 81/100: https://batdongsan.com.vn/nha-dat-ban-ha-dong/p81
[Spider] ✅ Thành công: Tìm thấy 31 tin đăng ở trang 81.

[Spider] Đang cào trang 82/100: https://batdongsan.com.vn/nha-dat-ban-ha-dong/p82
[Spider] ✅ Thành công: Tìm thấy 31 tin đăng ở trang 82.

[Spider] Đang cào trang 83/100: https://batdongsan.com.vn/nha-dat-ban-ha-dong/p83
[Spider] ✅ Thành công: Tìm thấy 31 tin đăng ở trang 83.

[Spider] Đang cào trang 84/100: https://batdongsan.com.vn/nha-dat-ban-ha-dong/p84
[Spider] ✅ Thành công: Tìm thấy 31 tin đăng ở trang 84.

[Spider] Đang cào trang 85/100: https://batdongsan.com.vn/nha-dat-ban-ha-dong/p85
[Spider] ✅ Thành công: Tìm thấy 31 tin đăng ở trang 85.

[Spider] Đang cào trang 86/100: https://batdongsan.com.vn/nha-dat-ban-ha-dong/p86
[Spider] ✅ Thành công: Tìm thấy 31 tin đăng ở trang 86.

[Spider] Đang cào trang 87/100: https://batdongsan.com.vn/nha-dat-ban-ha-dong/p87
[Spider] ✅ Thành công: Tìm thấy 31 tin đăng ở trang 87.

[Spider] Đang cào trang 88/100: https://batdongsan.com.vn/nha-dat-ban-ha-dong/p88
[Spider] ✅ Thành công: Tìm thấy 31 tin đăng ở trang 88.

[Spider] Đang cào trang 89/100: https://batdongsan.com.vn/nha-dat-ban-ha-dong/p89
[Spider] ✅ Thành công: Tìm thấy 31 tin đăng ở trang 89.

[Spider] Đang cào trang 90/100: https://batdongsan.com.vn/nha-dat-ban-ha-dong/p90
[Spider] ✅ Thành công: Tìm thấy 31 tin đăng ở trang 90.

[Spider] Đang cào trang 91/100: https://batdongsan.com.vn/nha-dat-ban-ha-dong/p91
[Spider] ✅ Thành công: Tìm thấy 31 tin đăng ở trang 91.

[Spider] Đang cào trang 92/100: https://batdongsan.com.vn/nha-dat-ban-ha-dong/p92
[Spider] ✅ Thành công: Tìm thấy 31 tin đăng ở trang 92.

[Spider] Đang cào trang 93/100: https://batdongsan.com.vn/nha-dat-ban-ha-dong/p93
[Spider] ✅ Thành công: Tìm thấy 31 tin đăng ở trang 93.

[Spider] Đang cào trang 94/100: https://batdongsan.com.vn/nha-dat-ban-ha-dong/p94
[Spider] ✅ Thành công: Tìm thấy 31 tin đăng ở trang 94.

[Spider] Đang cào trang 95/100: https://batdongsan.com.vn/nha-dat-ban-ha-dong/p95
[Spider] ✅ Thành công: Tìm thấy 31 tin đăng ở trang 95.

[Spider] Đang cào trang 96/100: https://batdongsan.com.vn/nha-dat-ban-ha-dong/p96
[Spider] ✅ Thành công: Tìm thấy 31 tin đăng ở trang 96.

[Spider] Đang cào trang 97/100: https://batdongsan.com.vn/nha-dat-ban-ha-dong/p97
[Spider] ✅ Thành công: Tìm thấy 31 tin đăng ở trang 97.

[Spider] Đang cào trang 98/100: https://batdongsan.com.vn/nha-dat-ban-ha-dong/p98
[Spider] ✅ Thành công: Tìm thấy 31 tin đăng ở trang 98.

[Spider] Đang cào trang 99/100: https://batdongsan.com.vn/nha-dat-ban-ha-dong/p99
[Spider] ✅ Thành công: Tìm thấy 31 tin đăng ở trang 99.

[Spider] Đang cào trang 100/100: https://batdongsan.com.vn/nha-dat-ban-ha-dong/p100
[Spider] ✅ Thành công: Tìm thấy 31 tin đăng ở trang 100.
[Spider] Đang gộp dữ liệu mới vào file cũ (Khớp theo tên cột)...
[Spider] Đã lưu 2382 dòng mới. Tổng: 27501 dòng.
[Sat 02/28/2026 13:05:07.73] [2/3] Dang lam sach va day vao PostgreSQL... 
Đang đọc dữ liệu thô...
Tổng số dòng thô: 27501
🧠 Đang áp dụng NLP trích xuất Đặc trưng...
🧠 Đang áp dụng KNN Imputer...
✅ Giữ lại 5136/27501 tin hợp lệ.
✅ Đã kết nối thành công tới PostgreSQL.
✅ Bảng 'bds_hadong' đã có PRIMARY KEY. Bỏ qua.
Đang thực hiện Upsert dữ liệu vào PostgreSQL...
🔄 Upsert thành công 5136 bản ghi vào 'bds_hadong'.
✅ Hoàn tất Pipeline ETL.
[Sat 02/28/2026 13:05:54.00] [3/3] Dang dong bo Data len GitHub... 
[main b311889] Auto-update Fast Pipeline: Sat 02/28/2026 13:05:54.41
 3 files changed, 7575 insertions(+), 4685 deletions(-)
 create mode 100644 logs/fast_pipeline.log
To https://github.com/Alexus143/hanoi-house-price-prediction.git
   e443e9d..b311889  main -> main
[Sat 02/28/2026 13:06:05.21] HOAN THANH LUONG FAST 
